<?xml version="1.0" encoding="UTF-8"?>
<!-- Generated by org.testng.reporters.JUnitReportReporter -->
<testsuite skipped="0" hostname="B2MD21637" name="com.mindtree.TestNG.ExecutionTest" tests="2" failures="0" timestamp="27 Oct 2017 12:50:54 GMT" time="34.081" errors="0">
  <testcase name="TestSuiteDriver" time="33.956" classname="com.mindtree.TestNG.ExecutionTest"/>
  <testcase name="exportToExcel" time="0.125" classname="com.mindtree.TestNG.ExecutionTest"/>
</testsuite> <!-- com.mindtree.TestNG.ExecutionTest -->
